[2020-03-01 18:04:43,323] DEBUG preRegister called. Server=com.sun.jmx.mbeanserver.JmxMBeanServer@66d3c617, name=log4j:logger=kafka.controller (kafka.controller)
[2020-03-01 18:04:50,371] INFO [ControllerEventThread controllerId=0] Starting (kafka.controller.ControllerEventManager$ControllerEventThread)
[2020-03-01 18:04:50,392] INFO [Controller id=0] 0 successfully elected as the controller. Epoch incremented to 1 and epoch zk version is now 1 (kafka.controller.KafkaController)
[2020-03-01 18:04:50,393] INFO [Controller id=0] Registering handlers (kafka.controller.KafkaController)
[2020-03-01 18:04:50,395] INFO [Controller id=0] Deleting log dir event notifications (kafka.controller.KafkaController)
[2020-03-01 18:04:50,397] INFO [Controller id=0] Deleting isr change notifications (kafka.controller.KafkaController)
[2020-03-01 18:04:50,399] INFO [Controller id=0] Initializing controller context (kafka.controller.KafkaController)
[2020-03-01 18:04:50,421] INFO [Controller id=0] Initialized broker epochs cache: Map(0 -> 24) (kafka.controller.KafkaController)
[2020-03-01 18:04:50,423] DEBUG [Controller id=0] Register BrokerModifications handler for Set(0) (kafka.controller.KafkaController)
[2020-03-01 18:04:50,427] DEBUG [Channel manager on controller 0]: Controller 0 trying to connect to broker 0 (kafka.controller.ControllerChannelManager)
[2020-03-01 18:04:50,435] INFO [RequestSendThread controllerId=0] Starting (kafka.controller.RequestSendThread)
[2020-03-01 18:04:50,435] INFO [Controller id=0] Currently active brokers in the cluster: Set(0) (kafka.controller.KafkaController)
[2020-03-01 18:04:50,435] INFO [Controller id=0] Currently shutting brokers in the cluster: Set() (kafka.controller.KafkaController)
[2020-03-01 18:04:50,435] INFO [Controller id=0] Current list of topics in the cluster: Set() (kafka.controller.KafkaController)
[2020-03-01 18:04:50,436] INFO [Controller id=0] Fetching topic deletions in progress (kafka.controller.KafkaController)
[2020-03-01 18:04:50,438] INFO [Controller id=0] List of topics to be deleted:  (kafka.controller.KafkaController)
[2020-03-01 18:04:50,438] INFO [Controller id=0] List of topics ineligible for deletion:  (kafka.controller.KafkaController)
[2020-03-01 18:04:50,438] INFO [Controller id=0] Initializing topic deletion manager (kafka.controller.KafkaController)
[2020-03-01 18:04:50,439] INFO [Topic Deletion Manager 0] Initializing manager with initial deletions: Set(), initial ineligible deletions: Set() (kafka.controller.TopicDeletionManager)
[2020-03-01 18:04:50,439] INFO [Controller id=0] Sending update metadata request (kafka.controller.KafkaController)
[2020-03-01 18:04:50,446] INFO [ReplicaStateMachine controllerId=0] Initializing replica state (kafka.controller.ZkReplicaStateMachine)
[2020-03-01 18:04:50,447] INFO [ReplicaStateMachine controllerId=0] Triggering online replica state changes (kafka.controller.ZkReplicaStateMachine)
[2020-03-01 18:04:50,450] INFO [ReplicaStateMachine controllerId=0] Triggering offline replica state changes (kafka.controller.ZkReplicaStateMachine)
[2020-03-01 18:04:50,451] DEBUG [ReplicaStateMachine controllerId=0] Started replica state machine with initial state -> Map() (kafka.controller.ZkReplicaStateMachine)
[2020-03-01 18:04:50,451] INFO [PartitionStateMachine controllerId=0] Initializing partition state (kafka.controller.ZkPartitionStateMachine)
[2020-03-01 18:04:50,452] INFO [PartitionStateMachine controllerId=0] Triggering online partition state changes (kafka.controller.ZkPartitionStateMachine)
[2020-03-01 18:04:50,453] INFO [RequestSendThread controllerId=0] Controller 0 connected to DESKTOP-A25HJ1K:9092 (id: 0 rack: null) for sending state change requests (kafka.controller.RequestSendThread)
[2020-03-01 18:04:50,456] DEBUG [PartitionStateMachine controllerId=0] Started partition state machine with initial state -> Map() (kafka.controller.ZkPartitionStateMachine)
[2020-03-01 18:04:50,456] INFO [Controller id=0] Ready to serve as the new controller with epoch 1 (kafka.controller.KafkaController)
[2020-03-01 18:04:50,461] INFO [Controller id=0] Partitions undergoing preferred replica election:  (kafka.controller.KafkaController)
[2020-03-01 18:04:50,461] INFO [Controller id=0] Partitions that completed preferred replica election:  (kafka.controller.KafkaController)
[2020-03-01 18:04:50,461] INFO [Controller id=0] Skipping preferred replica election for partitions due to topic deletion:  (kafka.controller.KafkaController)
[2020-03-01 18:04:50,462] INFO [Controller id=0] Resuming preferred replica election for partitions:  (kafka.controller.KafkaController)
[2020-03-01 18:04:50,463] INFO [Controller id=0] Starting replica leader election (PREFERRED) for partitions  triggered by ZkTriggered (kafka.controller.KafkaController)
[2020-03-01 18:04:50,475] INFO [Controller id=0] Starting the controller scheduler (kafka.controller.KafkaController)
[2020-03-01 18:04:55,477] INFO [Controller id=0] Processing automatic preferred replica leader election (kafka.controller.KafkaController)
[2020-03-01 18:04:55,483] TRACE [Controller id=0] Checking need to trigger auto leader balancing (kafka.controller.KafkaController)
[2020-03-01 18:04:55,484] DEBUG [Controller id=0] Preferred replicas by broker Map() (kafka.controller.KafkaController)
[2020-03-01 18:05:00,985] INFO [Controller id=0] New topics: [Set(new-client)], deleted topics: [Set()], new partition replica assignment [Map(new-client-2 -> ReplicaAssignment(replicas=0, addingReplicas=, removingReplicas=), new-client-1 -> ReplicaAssignment(replicas=0, addingReplicas=, removingReplicas=), new-client-0 -> ReplicaAssignment(replicas=0, addingReplicas=, removingReplicas=))] (kafka.controller.KafkaController)
[2020-03-01 18:05:00,985] INFO [Controller id=0] New partition creation callback for new-client-2,new-client-1,new-client-0 (kafka.controller.KafkaController)
