[2020-03-01 18:04:43,323] DEBUG preRegister called. Server=com.sun.jmx.mbeanserver.JmxMBeanServer@66d3c617, name=log4j:logger=state.change.logger (state.change.logger)
[2020-03-01 18:04:50,528] TRACE [Controller id=0 epoch=1] Received response {error_code=0,_tagged_fields={}} for request UPDATE_METADATA with correlation id 0 sent to broker DESKTOP-A25HJ1K:9092 (id: 0 rack: null) (state.change.logger)
[2020-03-01 18:05:00,987] TRACE [Controller id=0 epoch=1] Changed partition new-client-2 state from NonExistentPartition to NewPartition with assigned replicas 0 (state.change.logger)
[2020-03-01 18:05:00,987] TRACE [Controller id=0 epoch=1] Changed partition new-client-1 state from NonExistentPartition to NewPartition with assigned replicas 0 (state.change.logger)
[2020-03-01 18:05:00,987] TRACE [Controller id=0 epoch=1] Changed partition new-client-0 state from NonExistentPartition to NewPartition with assigned replicas 0 (state.change.logger)
[2020-03-01 18:05:00,996] TRACE [Controller id=0 epoch=1] Changed state of replica 0 for partition new-client-2 from NonExistentReplica to NewReplica (state.change.logger)
[2020-03-01 18:05:00,996] TRACE [Controller id=0 epoch=1] Changed state of replica 0 for partition new-client-1 from NonExistentReplica to NewReplica (state.change.logger)
[2020-03-01 18:05:00,997] TRACE [Controller id=0 epoch=1] Changed state of replica 0 for partition new-client-0 from NonExistentReplica to NewReplica (state.change.logger)
[2020-03-01 18:05:01,029] TRACE [Controller id=0 epoch=1] Changed partition new-client-2 from NewPartition to OnlinePartition with state LeaderAndIsr(leader=0, leaderEpoch=0, isr=List(0), zkVersion=0) (state.change.logger)
[2020-03-01 18:05:01,029] TRACE [Controller id=0 epoch=1] Changed partition new-client-1 from NewPartition to OnlinePartition with state LeaderAndIsr(leader=0, leaderEpoch=0, isr=List(0), zkVersion=0) (state.change.logger)
[2020-03-01 18:05:01,029] TRACE [Controller id=0 epoch=1] Changed partition new-client-0 from NewPartition to OnlinePartition with state LeaderAndIsr(leader=0, leaderEpoch=0, isr=List(0), zkVersion=0) (state.change.logger)
[2020-03-01 18:05:01,030] TRACE [Controller id=0 epoch=1] Sending become-leader LeaderAndIsr request LeaderAndIsrPartitionState(topicName='new-client', partitionIndex=1, controllerEpoch=1, leader=0, leaderEpoch=0, isr=[0], zkVersion=0, replicas=[0], addingReplicas=[], removingReplicas=[], isNew=true) to broker 0 for partition new-client-1 (state.change.logger)
[2020-03-01 18:05:01,030] TRACE [Controller id=0 epoch=1] Sending become-leader LeaderAndIsr request LeaderAndIsrPartitionState(topicName='new-client', partitionIndex=0, controllerEpoch=1, leader=0, leaderEpoch=0, isr=[0], zkVersion=0, replicas=[0], addingReplicas=[], removingReplicas=[], isNew=true) to broker 0 for partition new-client-0 (state.change.logger)
[2020-03-01 18:05:01,030] TRACE [Controller id=0 epoch=1] Sending become-leader LeaderAndIsr request LeaderAndIsrPartitionState(topicName='new-client', partitionIndex=2, controllerEpoch=1, leader=0, leaderEpoch=0, isr=[0], zkVersion=0, replicas=[0], addingReplicas=[], removingReplicas=[], isNew=true) to broker 0 for partition new-client-2 (state.change.logger)
[2020-03-01 18:05:01,031] TRACE [Controller id=0 epoch=1] Sending UpdateMetadata request UpdateMetadataPartitionState(topicName='new-client', partitionIndex=1, controllerEpoch=1, leader=0, leaderEpoch=0, isr=[0], zkVersion=0, replicas=[0], offlineReplicas=[]) to brokers Set(0) for partition new-client-1 (state.change.logger)
[2020-03-01 18:05:01,032] TRACE [Controller id=0 epoch=1] Sending UpdateMetadata request UpdateMetadataPartitionState(topicName='new-client', partitionIndex=0, controllerEpoch=1, leader=0, leaderEpoch=0, isr=[0], zkVersion=0, replicas=[0], offlineReplicas=[]) to brokers Set(0) for partition new-client-0 (state.change.logger)
[2020-03-01 18:05:01,032] TRACE [Controller id=0 epoch=1] Sending UpdateMetadata request UpdateMetadataPartitionState(topicName='new-client', partitionIndex=2, controllerEpoch=1, leader=0, leaderEpoch=0, isr=[0], zkVersion=0, replicas=[0], offlineReplicas=[]) to brokers Set(0) for partition new-client-2 (state.change.logger)
[2020-03-01 18:05:01,033] TRACE [Controller id=0 epoch=1] Changed state of replica 0 for partition new-client-2 from NewReplica to OnlineReplica (state.change.logger)
[2020-03-01 18:05:01,033] TRACE [Controller id=0 epoch=1] Changed state of replica 0 for partition new-client-1 from NewReplica to OnlineReplica (state.change.logger)
[2020-03-01 18:05:01,033] TRACE [Controller id=0 epoch=1] Changed state of replica 0 for partition new-client-0 from NewReplica to OnlineReplica (state.change.logger)
[2020-03-01 18:05:01,035] TRACE [Broker id=0] Received LeaderAndIsr request LeaderAndIsrPartitionState(topicName='new-client', partitionIndex=1, controllerEpoch=1, leader=0, leaderEpoch=0, isr=[0], zkVersion=0, replicas=[0], addingReplicas=[], removingReplicas=[], isNew=true) correlation id 1 from controller 0 epoch 1 (state.change.logger)
[2020-03-01 18:05:01,035] TRACE [Broker id=0] Received LeaderAndIsr request LeaderAndIsrPartitionState(topicName='new-client', partitionIndex=0, controllerEpoch=1, leader=0, leaderEpoch=0, isr=[0], zkVersion=0, replicas=[0], addingReplicas=[], removingReplicas=[], isNew=true) correlation id 1 from controller 0 epoch 1 (state.change.logger)
[2020-03-01 18:05:01,035] TRACE [Broker id=0] Received LeaderAndIsr request LeaderAndIsrPartitionState(topicName='new-client', partitionIndex=2, controllerEpoch=1, leader=0, leaderEpoch=0, isr=[0], zkVersion=0, replicas=[0], addingReplicas=[], removingReplicas=[], isNew=true) correlation id 1 from controller 0 epoch 1 (state.change.logger)
[2020-03-01 18:05:01,046] TRACE [Broker id=0] Handling LeaderAndIsr request correlationId 1 from controller 0 epoch 1 starting the become-leader transition for partition new-client-2 (state.change.logger)
[2020-03-01 18:05:01,046] TRACE [Broker id=0] Handling LeaderAndIsr request correlationId 1 from controller 0 epoch 1 starting the become-leader transition for partition new-client-0 (state.change.logger)
[2020-03-01 18:05:01,046] TRACE [Broker id=0] Handling LeaderAndIsr request correlationId 1 from controller 0 epoch 1 starting the become-leader transition for partition new-client-1 (state.change.logger)
[2020-03-01 18:05:01,124] TRACE [Broker id=0] Stopped fetchers as part of become-leader request from controller 0 epoch 1 with correlation id 1 for partition new-client-2 (last update controller epoch 1) (state.change.logger)
[2020-03-01 18:05:01,138] TRACE [Broker id=0] Stopped fetchers as part of become-leader request from controller 0 epoch 1 with correlation id 1 for partition new-client-0 (last update controller epoch 1) (state.change.logger)
[2020-03-01 18:05:01,152] TRACE [Broker id=0] Stopped fetchers as part of become-leader request from controller 0 epoch 1 with correlation id 1 for partition new-client-1 (last update controller epoch 1) (state.change.logger)
[2020-03-01 18:05:01,153] TRACE [Broker id=0] Completed LeaderAndIsr request correlationId 1 from controller 0 epoch 1 for the become-leader transition for partition new-client-2 (state.change.logger)
[2020-03-01 18:05:01,153] TRACE [Broker id=0] Completed LeaderAndIsr request correlationId 1 from controller 0 epoch 1 for the become-leader transition for partition new-client-0 (state.change.logger)
[2020-03-01 18:05:01,153] TRACE [Broker id=0] Completed LeaderAndIsr request correlationId 1 from controller 0 epoch 1 for the become-leader transition for partition new-client-1 (state.change.logger)
[2020-03-01 18:05:01,158] TRACE [Controller id=0 epoch=1] Received response {error_code=0,partition_errors=[{topic_name=new-client,partition_index=1,error_code=0,_tagged_fields={}},{topic_name=new-client,partition_index=0,error_code=0,_tagged_fields={}},{topic_name=new-client,partition_index=2,error_code=0,_tagged_fields={}}],_tagged_fields={}} for request LEADER_AND_ISR with correlation id 1 sent to broker DESKTOP-A25HJ1K:9092 (id: 0 rack: null) (state.change.logger)
[2020-03-01 18:05:01,162] TRACE [Broker id=0] Cached leader info UpdateMetadataPartitionState(topicName='new-client', partitionIndex=1, controllerEpoch=1, leader=0, leaderEpoch=0, isr=[0], zkVersion=0, replicas=[0], offlineReplicas=[]) for partition new-client-1 in response to UpdateMetadata request sent by controller 0 epoch 1 with correlation id 2 (state.change.logger)
[2020-03-01 18:05:01,162] TRACE [Broker id=0] Cached leader info UpdateMetadataPartitionState(topicName='new-client', partitionIndex=0, controllerEpoch=1, leader=0, leaderEpoch=0, isr=[0], zkVersion=0, replicas=[0], offlineReplicas=[]) for partition new-client-0 in response to UpdateMetadata request sent by controller 0 epoch 1 with correlation id 2 (state.change.logger)
[2020-03-01 18:05:01,162] TRACE [Broker id=0] Cached leader info UpdateMetadataPartitionState(topicName='new-client', partitionIndex=2, controllerEpoch=1, leader=0, leaderEpoch=0, isr=[0], zkVersion=0, replicas=[0], offlineReplicas=[]) for partition new-client-2 in response to UpdateMetadata request sent by controller 0 epoch 1 with correlation id 2 (state.change.logger)
[2020-03-01 18:05:01,162] TRACE [Controller id=0 epoch=1] Received response {error_code=0,_tagged_fields={}} for request UPDATE_METADATA with correlation id 2 sent to broker DESKTOP-A25HJ1K:9092 (id: 0 rack: null) (state.change.logger)
